This is pdfTeX, Version 3.141592653-2.6-1.40.25 (TeX Live 2023) (preloaded format=pdflatex 2023.8.8)  6 NOV 2023 02:04
entering extended mode
 restricted \write18 enabled.
 file:line:error style messages enabled.
 %&-line parsing enabled.
**"c:/Users/leimengan/Desktop/乐/库/2023 UCP/paper/paper.tex"
(c:/Users/leimengan/Desktop/乐/库/2023 UCP/paper/paper.tex
LaTeX2e <2022-11-01> patch level 1
L3 programming layer <2023-02-22> (d:/texlive/2023/texmf-dist/tex/latex/base/article.cls
Document Class: article 2022/07/02 v1.4n Standard LaTeX document class
(d:/texlive/2023/texmf-dist/tex/latex/base/size12.clo
File: size12.clo 2022/07/02 v1.4n Standard LaTeX file (size option)
)
\c@part=\count185
\c@section=\count186
\c@subsection=\count187
\c@subsubsection=\count188
\c@paragraph=\count189
\c@subparagraph=\count190
\c@figure=\count191
\c@table=\count192
\abovecaptionskip=\skip48
\belowcaptionskip=\skip49
\bibindent=\dimen140
) (d:/texlive/2023/texmf-dist/tex/latex/fancyhdr/fancyhdr.sty
Package: fancyhdr 2022/11/09 v4.1 Extensive control of page headers and footers
\f@nch@headwidth=\skip50
\f@nch@O@elh=\skip51
\f@nch@O@erh=\skip52
\f@nch@O@olh=\skip53
\f@nch@O@orh=\skip54
\f@nch@O@elf=\skip55
\f@nch@O@erf=\skip56
\f@nch@O@olf=\skip57
\f@nch@O@orf=\skip58
) (d:/texlive/2023/texmf-dist/tex/latex/geometry/geometry.sty
Package: geometry 2020/01/02 v5.9 Page Geometry
 (d:/texlive/2023/texmf-dist/tex/latex/graphics/keyval.sty
Package: keyval 2022/05/29 v1.15 key=value parser (DPC)
\KV@toks@=\toks16
) (d:/texlive/2023/texmf-dist/tex/generic/iftex/ifvtex.sty
Package: ifvtex 2019/10/25 v1.7 ifvtex legacy package. Use iftex instead.
 (d:/texlive/2023/texmf-dist/tex/generic/iftex/iftex.sty
Package: iftex 2022/02/03 v1.0f TeX engine tests
))
\Gm@cnth=\count193
\Gm@cntv=\count194
\c@Gm@tempcnt=\count195
\Gm@bindingoffset=\dimen141
\Gm@wd@mp=\dimen142
\Gm@odd@mp=\dimen143
\Gm@even@mp=\dimen144
\Gm@layoutwidth=\dimen145
\Gm@layoutheight=\dimen146
\Gm@layouthoffset=\dimen147
\Gm@layoutvoffset=\dimen148
\Gm@dimlist=\toks17
) (d:/texlive/2023/texmf-dist/tex/latex/booktabs/booktabs.sty
Package: booktabs 2020/01/12 v1.61803398 Publication quality tables
\heavyrulewidth=\dimen149
\lightrulewidth=\dimen150
\cmidrulewidth=\dimen151
\belowrulesep=\dimen152
\belowbottomsep=\dimen153
\aboverulesep=\dimen154
\abovetopsep=\dimen155
\cmidrulesep=\dimen156
\cmidrulekern=\dimen157
\defaultaddspace=\dimen158
\@cmidla=\count196
\@cmidlb=\count197
\@aboverulesep=\dimen159
\@belowrulesep=\dimen160
\@thisruleclass=\count198
\@lastruleclass=\count199
\@thisrulewidth=\dimen161
) (d:/texlive/2023/texmf-dist/tex/latex/graphics/graphicx.sty
Package: graphicx 2021/09/16 v1.2d Enhanced LaTeX Graphics (DPC,SPQR)
 (d:/texlive/2023/texmf-dist/tex/latex/graphics/graphics.sty
Package: graphics 2022/03/10 v1.4e Standard LaTeX Graphics (DPC,SPQR)
 (d:/texlive/2023/texmf-dist/tex/latex/graphics/trig.sty
Package: trig 2021/08/11 v1.11 sin cos tan (DPC)
) (d:/texlive/2023/texmf-dist/tex/latex/graphics-cfg/graphics.cfg
File: graphics.cfg 2016/06/04 v1.11 sample graphics configuration
)
Package graphics Info: Driver file: pdftex.def on input line 107.
 (d:/texlive/2023/texmf-dist/tex/latex/graphics-def/pdftex.def
File: pdftex.def 2022/09/22 v1.2b Graphics/color driver for pdftex
))
\Gin@req@height=\dimen162
\Gin@req@width=\dimen163
) (d:/texlive/2023/texmf-dist/tex/latex/caption/caption.sty
Package: caption 2023/03/12 v3.6j Customizing captions (AR)
 (d:/texlive/2023/texmf-dist/tex/latex/caption/caption3.sty
Package: caption3 2023/03/12 v2.4 caption3 kernel (AR)
\caption@tempdima=\dimen164
\captionmargin=\dimen165
\caption@leftmargin=\dimen166
\caption@rightmargin=\dimen167
\caption@width=\dimen168
\caption@indent=\dimen169
\caption@parindent=\dimen170
\caption@hangindent=\dimen171
Package caption Info: Standard document class detected.
)
\c@caption@flags=\count266
\c@continuedfloat=\count267
) (d:/texlive/2023/texmf-dist/tex/latex/hyperref/hyperref.sty
Package: hyperref 2023-02-07 v7.00v Hypertext links for LaTeX
 (d:/texlive/2023/texmf-dist/tex/generic/ltxcmds/ltxcmds.sty
Package: ltxcmds 2020-05-10 v1.25 LaTeX kernel commands for general use (HO)
) (d:/texlive/2023/texmf-dist/tex/generic/pdftexcmds/pdftexcmds.sty
Package: pdftexcmds 2020-06-27 v0.33 Utility functions of pdfTeX for LuaTeX (HO)
 (d:/texlive/2023/texmf-dist/tex/generic/infwarerr/infwarerr.sty
Package: infwarerr 2019/12/03 v1.5 Providing info/warning/error messages (HO)
)
Package pdftexcmds Info: \pdf@primitive is available.
Package pdftexcmds Info: \pdf@ifprimitive is available.
Package pdftexcmds Info: \pdfdraftmode found.
) (d:/texlive/2023/texmf-dist/tex/latex/kvsetkeys/kvsetkeys.sty
Package: kvsetkeys 2022-10-05 v1.19 Key value parser (HO)
) (d:/texlive/2023/texmf-dist/tex/generic/kvdefinekeys/kvdefinekeys.sty
Package: kvdefinekeys 2019-12-19 v1.6 Define keys (HO)
) (d:/texlive/2023/texmf-dist/tex/generic/pdfescape/pdfescape.sty
Package: pdfescape 2019/12/09 v1.15 Implements pdfTeX's escape features (HO)
) (d:/texlive/2023/texmf-dist/tex/latex/hycolor/hycolor.sty
Package: hycolor 2020-01-27 v1.10 Color options for hyperref/bookmark (HO)
) (d:/texlive/2023/texmf-dist/tex/latex/letltxmacro/letltxmacro.sty
Package: letltxmacro 2019/12/03 v1.6 Let assignment for LaTeX macros (HO)
) (d:/texlive/2023/texmf-dist/tex/latex/auxhook/auxhook.sty
Package: auxhook 2019-12-17 v1.6 Hooks for auxiliary files (HO)
) (d:/texlive/2023/texmf-dist/tex/latex/hyperref/nameref.sty
Package: nameref 2022-05-17 v2.50 Cross-referencing by name of section
 (d:/texlive/2023/texmf-dist/tex/latex/refcount/refcount.sty
Package: refcount 2019/12/15 v3.6 Data extraction from label references (HO)
) (d:/texlive/2023/texmf-dist/tex/generic/gettitlestring/gettitlestring.sty
Package: gettitlestring 2019/12/15 v1.6 Cleanup title references (HO)
 (d:/texlive/2023/texmf-dist/tex/latex/kvoptions/kvoptions.sty
Package: kvoptions 2022-06-15 v3.15 Key value format for package options (HO)
))
\c@section@level=\count268
)
\@linkdim=\dimen172
\Hy@linkcounter=\count269
\Hy@pagecounter=\count270
 (d:/texlive/2023/texmf-dist/tex/latex/hyperref/pd1enc.def
File: pd1enc.def 2023-02-07 v7.00v Hyperref: PDFDocEncoding definition (HO)
Now handling font encoding PD1 ...
... no UTF-8 mapping file for font encoding PD1
) (d:/texlive/2023/texmf-dist/tex/generic/intcalc/intcalc.sty
Package: intcalc 2019/12/15 v1.3 Expandable calculations with integers (HO)
) (d:/texlive/2023/texmf-dist/tex/generic/etexcmds/etexcmds.sty
Package: etexcmds 2019/12/15 v1.7 Avoid name clashes with e-TeX commands (HO)
)
\Hy@SavedSpaceFactor=\count271
 (d:/texlive/2023/texmf-dist/tex/latex/hyperref/puenc.def
File: puenc.def 2023-02-07 v7.00v Hyperref: PDF Unicode definition (HO)
Now handling font encoding PU ...
... no UTF-8 mapping file for font encoding PU
)
Package hyperref Info: Hyper figures OFF on input line 4177.
Package hyperref Info: Link nesting OFF on input line 4182.
Package hyperref Info: Hyper index ON on input line 4185.
Package hyperref Info: Plain pages OFF on input line 4192.
Package hyperref Info: Backreferencing OFF on input line 4197.
Package hyperref Info: Implicit mode ON; LaTeX internals redefined.
Package hyperref Info: Bookmarks ON on input line 4425.
\c@Hy@tempcnt=\count272
 (d:/texlive/2023/texmf-dist/tex/latex/url/url.sty
\Urlmuskip=\muskip16
Package: url 2013/09/16  ver 3.4  Verb mode for urls, etc.
)
LaTeX Info: Redefining \url on input line 4763.
\XeTeXLinkMargin=\dimen173
 (d:/texlive/2023/texmf-dist/tex/generic/bitset/bitset.sty
Package: bitset 2019/12/09 v1.3 Handle bit-vector datatype (HO)
 (d:/texlive/2023/texmf-dist/tex/generic/bigintcalc/bigintcalc.sty
Package: bigintcalc 2019/12/15 v1.5 Expandable calculations on big integers (HO)
))
\Fld@menulength=\count273
\Field@Width=\dimen174
\Fld@charsize=\dimen175
Package hyperref Info: Hyper figures OFF on input line 6042.
Package hyperref Info: Link nesting OFF on input line 6047.
Package hyperref Info: Hyper index ON on input line 6050.
Package hyperref Info: backreferencing OFF on input line 6057.
Package hyperref Info: Link coloring OFF on input line 6062.
Package hyperref Info: Link coloring with OCG OFF on input line 6067.
Package hyperref Info: PDF/A mode OFF on input line 6072.
 (d:/texlive/2023/texmf-dist/tex/latex/base/atbegshi-ltx.sty
Package: atbegshi-ltx 2021/01/10 v1.0c Emulation of the original atbegshi
package with kernel methods
)
\Hy@abspage=\count274
\c@Item=\count275
\c@Hfootnote=\count276
)
Package hyperref Info: Driver (autodetected): hpdftex.
 (d:/texlive/2023/texmf-dist/tex/latex/hyperref/hpdftex.def
File: hpdftex.def 2023-02-07 v7.00v Hyperref driver for pdfTeX
 (d:/texlive/2023/texmf-dist/tex/latex/base/atveryend-ltx.sty
Package: atveryend-ltx 2020/08/19 v1.0a Emulation of the original atveryend package
with kernel methods
)
\Fld@listcount=\count277
\c@bookmark@seq@number=\count278
 (d:/texlive/2023/texmf-dist/tex/latex/rerunfilecheck/rerunfilecheck.sty
Package: rerunfilecheck 2022-07-10 v1.10 Rerun checks for auxiliary files (HO)
 (d:/texlive/2023/texmf-dist/tex/generic/uniquecounter/uniquecounter.sty
Package: uniquecounter 2019/12/15 v1.4 Provide unlimited unique counter (HO)
)
Package uniquecounter Info: New unique counter `rerunfilecheck' on input line 285.
)
\Hy@SectionHShift=\skip59
) (d:/texlive/2023/texmf-dist/tex/latex/listings/listings.sty
\lst@mode=\count279
\lst@gtempboxa=\box51
\lst@token=\toks18
\lst@length=\count280
\lst@currlwidth=\dimen176
\lst@column=\count281
\lst@pos=\count282
\lst@lostspace=\dimen177
\lst@width=\dimen178
\lst@newlines=\count283
\lst@lineno=\count284
\lst@maxwidth=\dimen179
 (d:/texlive/2023/texmf-dist/tex/latex/listings/lstmisc.sty
File: lstmisc.sty 2023/02/27 1.9 (Carsten Heinz)
\c@lstnumber=\count285
\lst@skipnumbers=\count286
\lst@framebox=\box52
) (d:/texlive/2023/texmf-dist/tex/latex/listings/listings.cfg
File: listings.cfg 2023/02/27 1.9 listings configuration
))
Package: listings 2023/02/27 1.9 (Carsten Heinz)
 (d:/texlive/2023/texmf-dist/tex/latex/xcolor/xcolor.sty
Package: xcolor 2022/06/12 v2.14 LaTeX color extensions (UK)
 (d:/texlive/2023/texmf-dist/tex/latex/graphics-cfg/color.cfg
File: color.cfg 2016/01/02 v1.6 sample color configuration
)
Package xcolor Info: Driver file: pdftex.def on input line 227.
 (d:/texlive/2023/texmf-dist/tex/latex/graphics/mathcolor.ltx)
Package xcolor Info: Model `cmy' substituted by `cmy0' on input line 1353.
Package xcolor Info: Model `hsb' substituted by `rgb' on input line 1357.
Package xcolor Info: Model `RGB' extended on input line 1369.
Package xcolor Info: Model `HTML' substituted by `rgb' on input line 1371.
Package xcolor Info: Model `Hsb' substituted by `hsb' on input line 1372.
Package xcolor Info: Model `tHsb' substituted by `hsb' on input line 1373.
Package xcolor Info: Model `HSB' substituted by `hsb' on input line 1374.
Package xcolor Info: Model `Gray' substituted by `gray' on input line 1375.
Package xcolor Info: Model `wave' substituted by `hsb' on input line 1376.
) (d:/texlive/2023/texmf-dist/tex/latex/amsmath/amsmath.sty
Package: amsmath 2022/04/08 v2.17n AMS math features
\@mathmargin=\skip60

For additional information on amsmath, use the `?' option.
(d:/texlive/2023/texmf-dist/tex/latex/amsmath/amstext.sty
Package: amstext 2021/08/26 v2.01 AMS text
 (d:/texlive/2023/texmf-dist/tex/latex/amsmath/amsgen.sty
File: amsgen.sty 1999/11/30 v2.0 generic functions
\@emptytoks=\toks19
\ex@=\dimen180
)) (d:/texlive/2023/texmf-dist/tex/latex/amsmath/amsbsy.sty
Package: amsbsy 1999/11/29 v1.2d Bold Symbols
\pmbraise@=\dimen181
) (d:/texlive/2023/texmf-dist/tex/latex/amsmath/amsopn.sty
Package: amsopn 2022/04/08 v2.04 operator names
)
\inf@bad=\count287
LaTeX Info: Redefining \frac on input line 234.
\uproot@=\count288
\leftroot@=\count289
LaTeX Info: Redefining \overline on input line 399.
LaTeX Info: Redefining \colon on input line 410.
\classnum@=\count290
\DOTSCASE@=\count291
LaTeX Info: Redefining \ldots on input line 496.
LaTeX Info: Redefining \dots on input line 499.
LaTeX Info: Redefining \cdots on input line 620.
\Mathstrutbox@=\box53
\strutbox@=\box54
LaTeX Info: Redefining \big on input line 722.
LaTeX Info: Redefining \Big on input line 723.
LaTeX Info: Redefining \bigg on input line 724.
LaTeX Info: Redefining \Bigg on input line 725.
\big@size=\dimen182
LaTeX Font Info:    Redeclaring font encoding OML on input line 743.
LaTeX Font Info:    Redeclaring font encoding OMS on input line 744.
\macc@depth=\count292
LaTeX Info: Redefining \bmod on input line 905.
LaTeX Info: Redefining \pmod on input line 910.
LaTeX Info: Redefining \smash on input line 940.
LaTeX Info: Redefining \relbar on input line 970.
LaTeX Info: Redefining \Relbar on input line 971.
\c@MaxMatrixCols=\count293
\dotsspace@=\muskip17
\c@parentequation=\count294
\dspbrk@lvl=\count295
\tag@help=\toks20
\row@=\count296
\column@=\count297
\maxfields@=\count298
\andhelp@=\toks21
\eqnshift@=\dimen183
\alignsep@=\dimen184
\tagshift@=\dimen185
\tagwidth@=\dimen186
\totwidth@=\dimen187
\lineht@=\dimen188
\@envbody=\toks22
\multlinegap=\skip61
\multlinetaggap=\skip62
\mathdisplay@stack=\toks23
LaTeX Info: Redefining \[ on input line 2953.
LaTeX Info: Redefining \] on input line 2954.
) (d:/texlive/2023/texmf-dist/tex/latex/amsfonts/amssymb.sty
Package: amssymb 2013/01/14 v3.01 AMS font symbols
 (d:/texlive/2023/texmf-dist/tex/latex/amsfonts/amsfonts.sty
Package: amsfonts 2013/01/14 v3.01 Basic AMSFonts support
\symAMSa=\mathgroup4
\symAMSb=\mathgroup5
LaTeX Font Info:    Redeclaring math symbol \hbar on input line 98.
LaTeX Font Info:    Overwriting math alphabet `\mathfrak' in version `bold'
(Font)                  U/euf/m/n --> U/euf/b/n on input line 106.
)) (d:/texlive/2023/texmf-dist/tex/latex/listings/lstlang1.sty
File: lstlang1.sty 2023/02/27 1.9 listings language file
) (d:/texlive/2023/texmf-dist/tex/latex/l3backend/l3backend-pdftex.def
File: l3backend-pdftex.def 2023-01-16 L3 backend support: PDF output (pdfTeX)
\l__color_backend_stack_int=\count299
\l__pdf_internal_box=\box55
) (./paper.aux)
\openout1 = `paper.aux'.

LaTeX Font Info:    Checking defaults for OML/cmm/m/it on input line 53.
LaTeX Font Info:    ... okay on input line 53.
LaTeX Font Info:    Checking defaults for OMS/cmsy/m/n on input line 53.
LaTeX Font Info:    ... okay on input line 53.
LaTeX Font Info:    Checking defaults for OT1/cmr/m/n on input line 53.
LaTeX Font Info:    ... okay on input line 53.
LaTeX Font Info:    Checking defaults for T1/cmr/m/n on input line 53.
LaTeX Font Info:    ... okay on input line 53.
LaTeX Font Info:    Checking defaults for TS1/cmr/m/n on input line 53.
LaTeX Font Info:    ... okay on input line 53.
LaTeX Font Info:    Checking defaults for OMX/cmex/m/n on input line 53.
LaTeX Font Info:    ... okay on input line 53.
LaTeX Font Info:    Checking defaults for U/cmr/m/n on input line 53.
LaTeX Font Info:    ... okay on input line 53.
LaTeX Font Info:    Checking defaults for PD1/pdf/m/n on input line 53.
LaTeX Font Info:    ... okay on input line 53.
LaTeX Font Info:    Checking defaults for PU/pdf/m/n on input line 53.
LaTeX Font Info:    ... okay on input line 53.

*geometry* driver: auto-detecting
*geometry* detected driver: pdftex
*geometry* verbose mode - [ preamble ] result:
* driver: pdftex
* paper: <default>
* layout: <same size as paper>
* layoutoffset:(h,v)=(0.0pt,0.0pt)
* modes: 
* h-part:(L,W,R)=(79.6678pt, 477.7217pt, 56.9055pt)
* v-part:(T,H,B)=(71.13188pt, 666.9326pt, 56.9055pt)
* \paperwidth=614.295pt
* \paperheight=794.96999pt
* \textwidth=477.7217pt
* \textheight=666.9326pt
* \oddsidemargin=7.39781pt
* \evensidemargin=7.39781pt
* \topmargin=-40.63809pt
* \headheight=14.49998pt
* \headsep=25.0pt
* \topskip=12.0pt
* \footskip=30.0pt
* \marginparwidth=44.0pt
* \marginparsep=10.0pt
* \columnsep=10.0pt
* \skip\footins=10.8pt plus 4.0pt minus 2.0pt
* \hoffset=0.0pt
* \voffset=0.0pt
* \mag=1000
* \@twocolumnfalse
* \@twosidefalse
* \@mparswitchfalse
* \@reversemarginfalse
* (1in=72.27pt=25.4mm, 1cm=28.453pt)

(d:/texlive/2023/texmf-dist/tex/context/base/mkii/supp-pdf.mkii
[Loading MPS to PDF converter (version 2006.09.02).]
\scratchcounter=\count300
\scratchdimen=\dimen189
\scratchbox=\box56
\nofMPsegments=\count301
\nofMParguments=\count302
\everyMPshowfont=\toks24
\MPscratchCnt=\count303
\MPscratchDim=\dimen190
\MPnumerator=\count304
\makeMPintoPDFobject=\count305
\everyMPtoPDFconversion=\toks25
) (d:/texlive/2023/texmf-dist/tex/latex/epstopdf-pkg/epstopdf-base.sty
Package: epstopdf-base 2020-01-24 v2.11 Base part for package epstopdf
Package epstopdf-base Info: Redefining graphics rule for `.eps' on input line 485.
 (d:/texlive/2023/texmf-dist/tex/latex/latexconfig/epstopdf-sys.cfg
File: epstopdf-sys.cfg 2010/07/13 v1.3 Configuration of (r)epstopdf for TeX Live
))
Package caption Info: Begin \AtBeginDocument code.
Package caption Info: hyperref package is loaded.
Package caption Info: listings package is loaded.
Package caption Info: End \AtBeginDocument code.
Package hyperref Info: Link coloring OFF on input line 53.
 (./paper.out) (./paper.out)
\@outlinefile=\write3
\openout3 = `paper.out'.

\c@lstlisting=\count306
LaTeX Font Info:    Trying to load font information for U+msa on input line 56.
 (d:/texlive/2023/texmf-dist/tex/latex/amsfonts/umsa.fd
File: umsa.fd 2013/01/14 v3.01 AMS symbols A
)
LaTeX Font Info:    Trying to load font information for U+msb on input line 56.
 (d:/texlive/2023/texmf-dist/tex/latex/amsfonts/umsb.fd
File: umsb.fd 2013/01/14 v3.01 AMS symbols B
) [1{d:/texlive/2023/texmf-var/fonts/map/pdftex/updmap/pdftex.map}

] (./paper.toc)
\tf@toc=\write4
\openout4 = `paper.toc'.

 [2] [3{d:/texlive/2023/texmf-dist/fonts/enc/dvips/cm-super/cm-super-ts1.enc}]
<image/001.png, id=155, 969.6225pt x 246.32025pt>
File: image/001.png Graphic file (type png)
<use image/001.png>
Package pdftex.def Info: image/001.png  used on input line 185.
(pdftex.def)             Requested size: 334.40372pt x 84.9505pt.
<image/002.png, id=157, 1014.189pt x 258.9675pt>
File: image/002.png Graphic file (type png)
<use image/002.png>
Package pdftex.def Info: image/002.png  used on input line 190.
(pdftex.def)             Requested size: 334.40372pt x 85.3884pt.
 [4]
<image/003.png, id=164, 991.3035pt x 264.38776pt>
File: image/003.png Graphic file (type png)
<use image/003.png>
Package pdftex.def Info: image/003.png  used on input line 201.
(pdftex.def)             Requested size: 334.40372pt x 89.18869pt.
<image/004.png, id=165, 979.86075pt x 265.59225pt>
File: image/004.png Graphic file (type png)
<use image/004.png>
Package pdftex.def Info: image/004.png  used on input line 206.
(pdftex.def)             Requested size: 334.40372pt x 90.64058pt.

Underfull \hbox (badness 4254) in paragraph at lines 214--217
[]\OT1/cmr/m/n/12 However, in this sce-nario, the in-stan-ta-
 []

<image/005.png, id=166, 413.1435pt x 307.74976pt>
File: image/005.png Graphic file (type png)
<use image/005.png>
Package pdftex.def Info: image/005.png  used on input line 221.
(pdftex.def)             Requested size: 191.08575pt x 142.33672pt.

Package caption Warning: The option `hypcap=true' will be ignored for this
(caption)                particular \caption on input line 222.
See the caption package documentation for explanation.

[5 <./image/001.png> <./image/002.png> <./image/003.png> <./image/004.png>]
<image/007.png, id=181, 1284.8pt x 722.7pt>
File: image/007.png Graphic file (type png)
<use image/007.png>
Package pdftex.def Info: image/007.png  used on input line 243.
(pdftex.def)             Requested size: 286.63593pt x 161.23306pt.
 [6 <./image/005.png> <./image/007.png>]
<image/008.png, id=200, 708.246pt x 220.4235pt>
File: image/008.png Graphic file (type png)
<use image/008.png>
Package pdftex.def Info: image/008.png  used on input line 273.
(pdftex.def)             Requested size: 382.1788pt x 118.94618pt.
<image/009.png, id=203, 1011.78pt x 337.86224pt>
File: image/009.png Graphic file (type png)
<use image/009.png>
Package pdftex.def Info: image/009.png  used on input line 286.
(pdftex.def)             Requested size: 267.52399pt x 89.332pt.


Package caption Warning: The option `hypcap=true' will be ignored for this
(caption)                particular \caption on input line 287.
See the caption package documentation for explanation.


Overfull \hbox (2.61107pt too wide) in paragraph at lines 279--289
$[]$  $[]$ 
 []

<image/010.png, id=204, 973.83826pt x 514.92375pt>
File: image/010.png Graphic file (type png)
<use image/010.png>
Package pdftex.def Info: image/010.png  used on input line 298.
(pdftex.def)             Requested size: 382.1788pt x 202.08444pt.
[7 <./image/008.png> <./image/009.png>]
<image/011.png, id=215, 966.61125pt x 517.33275pt>
File: image/011.png Graphic file (type png)
<use image/011.png>
Package pdftex.def Info: image/011.png  used on input line 321.
(pdftex.def)             Requested size: 286.63593pt x 153.40912pt.
 [8 <./image/010.png> <./image/011.png>]
<image/012.png, id=227, 419.166pt x 466.1415pt>
File: image/012.png Graphic file (type png)
<use image/012.png>
Package pdftex.def Info: image/012.png  used on input line 336.
(pdftex.def)             Requested size: 143.31796pt x 159.3822pt.
<image/013.png, id=228, 1009.371pt x 532.389pt>
File: image/013.png Graphic file (type png)
<use image/013.png>
Package pdftex.def Info: image/013.png  used on input line 349.
(pdftex.def)             Requested size: 382.1788pt x 201.5788pt.
<image/014.png, id=229, 978.65625pt x 533.5935pt>
File: image/014.png Graphic file (type png)
<use image/014.png>
Package pdftex.def Info: image/014.png  used on input line 359.
(pdftex.def)             Requested size: 382.1788pt x 208.37746pt.
 [9 <./image/012.png> <./image/013.png>] [10 <./image/014.png>]
<image/015.png, id=245, 399.4925pt x 201.25188pt>
File: image/015.png Graphic file (type png)
<use image/015.png>
Package pdftex.def Info: image/015.png  used on input line 400.
(pdftex.def)             Requested size: 382.1788pt x 192.53935pt.
<image/016.png, id=246, 283.0575pt x 40.15pt>
File: image/016.png Graphic file (type png)
<use image/016.png>
Package pdftex.def Info: image/016.png  used on input line 416.
(pdftex.def)             Requested size: 382.1788pt x 54.21422pt.
<image/017.png, id=247, 93.34875pt x 51.19125pt>
File: image/017.png Graphic file (type png)
<use image/017.png>
Package pdftex.def Info: image/017.png  used on input line 429.
(pdftex.def)             Requested size: 95.54288pt x 52.39636pt.
 [11 <./image/015.png> <./image/016.png>]
<image/018.png, id=256, 155.58125pt x 99.37125pt>
File: image/018.png Graphic file (type png)
<use image/018.png>
Package pdftex.def Info: image/018.png  used on input line 437.
(pdftex.def)             Requested size: 95.54288pt x 61.02425pt.
<image/019.png, id=258, 386.94562pt x 303.63437pt>
File: image/019.png Graphic file (type png)
<use image/019.png>
Package pdftex.def Info: image/019.png  used on input line 456.
(pdftex.def)             Requested size: 191.08575pt x 149.94504pt.
<image/020.png, id=259, 1026.234pt x 518.53725pt>
File: image/020.png Graphic file (type png)
<use image/020.png>
Package pdftex.def Info: image/020.png  used on input line 465.
(pdftex.def)             Requested size: 191.08575pt x 96.55295pt.
 [12 <./image/017.png> <./image/018.png> <./image/019.png>]
Overfull \hbox (8.46214pt too wide) in paragraph at lines 484--487
\OT1/cmr/m/n/12 struc-ture, its ma-te-rial prop-er-ties, fluid flow in-sta-bil-i-ties, the aero-dy-namic ef-fects of the parachute
 []

[13 <./image/020.png>] [14]
<image/006.png, id=290, 150.5625pt x 204.765pt>
File: image/006.png Graphic file (type png)
<use image/006.png>
Package pdftex.def Info: image/006.png  used on input line 614.
(pdftex.def)             Requested size: 143.31796pt x 194.93181pt.


Package caption Warning: The option `hypcap=true' will be ignored for this
(caption)                particular \caption on input line 615.
See the caption package documentation for explanation.

[15]
Overfull \hbox (13.6408pt too wide) in paragraph at lines 645--649
\OT1/cmr/m/n/12 de-ploy-ment holds paramount im-por-tance. Through a metic-u-lous dis-sec-tion of the parachute
 []

[16 <./image/006.png>] [17] [18] [19] [20] [21] [22] [23] [24] (./paper.bbl [25]) [26] (./paper.aux)
Package rerunfilecheck Info: File `paper.out' has not changed.
(rerunfilecheck)             Checksum: 719EEF3F3AD63487B88E1FEC68590010;4129.
 ) 
Here is how much of TeX's memory you used:
 14764 strings out of 476025
 225471 string characters out of 5794016
 2276382 words of memory out of 5000000
 34615 multiletter control sequences out of 15000+600000
 523188 words of font info for 73 fonts, out of 8000000 for 9000
 1141 hyphenation exceptions out of 8191
 75i,12n,76p,470b,2500s stack positions out of 10000i,1000n,20000p,200000b,200000s
<d:/texlive/2023/texmf-dist/fonts/type1/public/amsfonts/cm/cmbx10.pfb><d:/texlive/2023/texmf-dist/fonts/type1/public/amsfonts/cm/cmbx12.pfb><d:/texlive/2023/texmf-dist/fonts/type1/public/amsfonts/cm/cmex10.pfb><d:/texlive/2023/texmf-dist/fonts/type1/public/amsfonts/cmextra/cmex8.pfb><d:/texlive/2023/texmf-dist/fonts/type1/public/amsfonts/cm/cmmi12.pfb><d:/texlive/2023/texmf-dist/fonts/type1/public/amsfonts/cm/cmmi6.pfb><d:/texlive/2023/texmf-dist/fonts/type1/public/amsfonts/cm/cmmi8.pfb><d:/texlive/2023/texmf-dist/fonts/type1/public/amsfonts/cm/cmr10.pfb><d:/texlive/2023/texmf-dist/fonts/type1/public/amsfonts/cm/cmr12.pfb><d:/texlive/2023/texmf-dist/fonts/type1/public/amsfonts/cm/cmr17.pfb><d:/texlive/2023/texmf-dist/fonts/type1/public/amsfonts/cm/cmr6.pfb><d:/texlive/2023/texmf-dist/fonts/type1/public/amsfonts/cm/cmr8.pfb><d:/texlive/2023/texmf-dist/fonts/type1/public/amsfonts/cm/cmsy10.pfb><d:/texlive/2023/texmf-dist/fonts/type1/public/amsfonts/cm/cmsy6.pfb><d:/texlive/2023/texmf-dist/fonts/type1/public/amsfonts/cm/cmsy8.pfb><d:/texlive/2023/texmf-dist/fonts/type1/public/amsfonts/cm/cmti12.pfb><d:/texlive/2023/texmf-dist/fonts/type1/public/amsfonts/cm/cmtt12.pfb><d:/texlive/2023/texmf-dist/fonts/type1/public/amsfonts/symbols/msam10.pfb><d:/texlive/2023/texmf-dist/fonts/type1/public/cm-super/sfrm1200.pfb>
Output written on paper.pdf (26 pages, 1045071 bytes).
PDF statistics:
 849 PDF objects out of 1000 (max. 8388607)
 733 compressed objects within 8 object streams
 416 named destinations out of 1000 (max. 500000)
 293 words of extra memory for PDF output out of 10000 (max. 10000000)

